13:02:47 72.9
13:02:50 72.9
13:02:53 72.4
13:02:56 73.3
13:02:59 72.4
13:03:02 72.9
START
13:03:05 72.7
13:03:08 73.3
13:03:11 72.3
13:03:14 73.1
13:03:17 72.9
13:03:20 72.0
PERIOD=7
13:03:23 72.9
13:03:30 72.4
13:03:37 72.1
13:03:44 72.1
13:03:51 72.4
13:03:58 72.1
13:04:05 72.1
13:04:12 72.6
13:04:19 72.9
13:04:26 72.6
13:04:34 72.0
13:04:41 72.3
13:04:48 72.3
13:04:55 73.0
SCALE=C
13:05:02 22.2
13:05:09 22.5
13:05:16 22.5
13:05:23 22.5
13:05:30 22.3
13:05:37 22.8
13:05:44 22.4
SCALE=F
13:05:51 72.3
13:05:58 72.7
13:06:05 72.0
13:06:12 72.7
13:06:19 72.3
13:06:26 72.1
13:06:33 72.0
PERIOD=3
13:06:40 72.7
13:06:43 72.4
13:06:46 72.1
13:06:49 72.3
STOP
PERIOD=8
STOP
SCALE=C
START
13:07:32 22.3
13:07:40 22.5
13:07:48 22.7
13:07:56 22.9
13:08:04 22.2
13:08:12 22.3
13:08:20 22.4
13:08:28 22.3
13:08:36 22.5
13:08:44 22.6
13:08:52 22.5
13:09:00 22.6
13:09:08 22.7
13:09:16 22.3
13:09:24 22.3
13:09:32 22.7
PERIOD=6
13:09:40 22.6
13:09:46 22.6
13:09:52 22.5
13:09:58 22.9
13:10:04 23.0
13:10:10 22.4
13:10:16 22.5
13:10:22 22.6
13:10:28 22.6
13:10:34 22.5
13:10:40 22.2
13:10:46 22.1
13:10:52 22.5
13:10:58 22.8
13:11:04 22.2
13:11:10 22.4
13:11:16 22.1
13:11:22 22.9
SCALE=C
13:11:28 22.4
13:11:34 22.7
13:11:40 22.8
13:11:46 22.8
13:11:52 22.5
13:11:58 22.7
13:12:04 22.2
13:12:10 22.5
13:12:16 22.2
13:12:22 22.8
13:12:28 22.2
START
13:12:34 22.1
SCALE=F
13:12:40 72.6
13:12:46 72.1
13:12:52 72.4
13:12:58 72.3
13:13:04 71.8
13:13:10 72.3
PERIOD=4
13:13:16 71.7
13:13:20 72.1
13:13:24 72.3
13:13:28 72.1
STOP
OFF
