12:55:51 53.7
12:55:52 70.4
12:55:53 70.5
12:55:54 69.8
12:55:55 70.1
12:55:56 70.8
12:55:57 69.8
12:55:58 70.4
12:55:59 76.8
12:56:00 78.8
12:56:02 80.6
12:56:03 81.8
12:56:04 81.4
12:56:05 80.0
12:56:06 79.1
12:56:07 78.7
12:56:08 78.8
12:56:09 78.1
12:56:10 78.1
12:56:11 77.8
12:56:12 77.8
12:56:13 77.2
12:56:14 80.5
12:56:15 81.1
12:56:16 82.3
12:56:17 82.9
12:56:18 83.3
12:56:19 82.7
12:56:20 83.2
12:56:21 81.7
12:56:22 80.6
12:56:23 81.1
12:56:24 79.9
12:56:25 80.9
12:56:26 79.4
12:56:27 79.7
12:56:28 79.1
12:56:29 79.1
12:56:30 78.8
12:56:31 79.0
12:56:32 78.4
12:56:33 78.7
12:56:34 79.6
12:56:35 78.5
12:56:36 78.8
12:56:37 77.8
12:56:38 78.2
12:56:39 78.0
12:56:40 78.2
12:56:41 78.4
12:56:42 77.4
12:56:43 77.8
12:56:44 77.5
12:56:45 77.8
12:56:46 77.1
12:56:47 76.5
12:56:48 77.7
12:56:49 76.6
12:56:50 77.1
12:56:51 76.9
12:56:52 77.7
12:56:53 76.3
12:56:54 76.9
12:56:55 76.5
12:56:56 76.5
12:56:57 76.5
12:56:58 76.2
12:56:59 76.5
12:57:00 77.1
12:57:01 76.3
12:57:02 77.1
12:57:03 76.6
12:57:04 75.9
12:57:05 76.6
12:57:06 76.1
12:57:07 76.1
12:57:08 75.3
12:57:09 76.1
12:57:10 75.6
12:57:11 75.6
12:57:12 75.2
12:57:13 75.3
12:57:14 75.6
12:57:15 75.5
12:57:16 75.3
12:57:17 75.3
12:57:18 74.7
12:57:19 75.5
12:57:20 75.2
12:57:21 74.7
12:57:22 75.3
12:57:23 75.3
12:57:24 74.0
12:57:25 75.3
12:57:26 74.5
12:57:27 74.9
12:57:28 73.9
12:57:29 74.3
12:57:30 74.3
12:57:31 74.0
12:57:32 73.9
12:57:33 73.9
12:57:34 73.9
12:57:35 73.0
12:57:36 73.6
12:57:37 73.7
12:57:38 73.7
12:57:39 73.7
12:57:41 73.7
12:57:42 73.9
12:57:43 73.7
12:57:44 73.6
12:57:45 72.7
12:57:46 72.7
12:57:47 72.7
12:57:48 72.4
12:57:49 73.0
12:57:50 72.9
12:57:51 73.0
12:57:52 72.9
12:57:53 72.9
12:57:54 73.7
12:57:55 72.7
12:57:56 72.6
12:57:57 72.7
12:57:58 72.7
12:57:59 72.6
12:58:00 72.6
12:58:01 73.1
12:58:02 73.0
12:58:03 72.1
12:58:04 72.4
