12:57:32 59.8
12:57:35 72.7
12:57:38 72.1
12:57:41 72.4
12:57:44 72.3
12:57:47 71.8
START
12:57:50 72.1
12:57:53 71.8
12:57:56 72.3
12:57:59 72.6
12:58:02 72.1
12:58:05 72.1
PERIOD=7
12:58:08 72.6
12:58:15 72.9
12:58:22 72.4
12:58:29 72.6
12:58:36 72.1
12:58:43 72.4
12:58:50 72.3
12:58:57 72.0
12:59:04 72.4
12:59:11 73.0
12:59:18 71.6
12:59:25 72.7
12:59:32 73.0
12:59:39 72.4
SCALE=C
12:59:46 22.4
12:59:53 22.4
13:00:00 22.4
13:00:07 22.5
13:00:14 22.6
13:00:21 22.7
13:00:28 22.5
13:00:35 22.5
SCALE=F
13:00:42 72.6
13:00:49 72.6
13:00:56 72.0
13:01:03 72.3
13:01:10 72.7
13:01:17 73.1
13:01:24 72.6
PERIOD=3
13:01:31 72.6
13:01:34 72.9
13:01:37 72.4
13:01:40 72.4
STOP
PERIOD=8
STOP
SCALE=C
START
13:02:23 22.7
13:02:31 22.9
13:02:39 22.5
13:02:47 22.5
13:02:55 22.4
13:03:03 22.5
13:03:11 22.5
13:03:19 22.1
13:03:27 22.3
13:03:35 22.5
13:03:43 22.5
13:03:51 22.4
13:03:59 22.7
13:04:07 22.5
13:04:15 22.5
13:04:23 22.5
PERIOD=6
13:04:31 22.1
13:04:37 22.1
13:04:43 22.6
13:04:49 22.5
13:04:56 22.4
13:05:02 22.7
13:05:08 22.4
13:05:14 22.4
13:05:20 22.3
13:05:26 23.0
13:05:32 22.1
13:05:38 22.8
13:05:44 22.9
13:05:50 22.4
13:05:56 22.7
13:06:02 22.7
13:06:08 22.5
13:06:14 22.5
SCALE=C
13:06:20 22.5
13:06:26 22.8
13:06:32 22.4
13:06:38 22.3
13:06:44 22.3
13:06:50 22.5
START
13:06:56 22.2
13:07:02 22.5
13:07:08 22.2
13:07:14 22.2
13:07:20 22.7
13:07:26 22.7
SCALE=F
13:07:32 72.4
13:07:38 71.8
13:07:44 72.9
13:07:50 72.3
13:07:56 72.3
13:08:02 72.3
PERIOD=4
13:08:08 72.3
13:08:12 71.8
13:08:16 72.4
13:08:20 73.4
STOP
OFF
